This is pdfTeX, Version 3.141592653-2.6-1.40.22 (TeX Live 2021/Arch Linux) (preloaded format=pdflatex 2021.10.4)  4 NOV 2021 22:33
entering extended mode
 restricted \write18 enabled.
 %&-line parsing enabled.
**Document.tex
(./Document.tex
LaTeX2e <2020-10-01> patch level 4
L3 programming layer <2021-02-18>
(/usr/share/texmf-dist/tex/latex/base/article.cls
Document Class: article 2020/04/10 v1.4m Standard LaTeX document class
(/usr/share/texmf-dist/tex/latex/base/size10.clo
File: size10.clo 2020/04/10 v1.4m Standard LaTeX file (size option)
)
\c@part=\count179
\c@section=\count180
\c@subsection=\count181
\c@subsubsection=\count182
\c@paragraph=\count183
\c@subparagraph=\count184
\c@figure=\count185
\c@table=\count186
\abovecaptionskip=\skip47
\belowcaptionskip=\skip48
\bibindent=\dimen138
)
(/usr/share/texmf-dist/tex/latex/base/inputenc.sty
Package: inputenc 2020/08/01 v1.3d Input encoding file
\inpenc@prehook=\toks15
\inpenc@posthook=\toks16
)
(/usr/share/texmf-dist/tex/generic/babel/babel.sty
Package: babel 2021/03/24 3.56 The Babel package

(/usr/share/texmf-dist/tex/generic/babel/babel.def
File: babel.def 2021/03/24 3.56 Babel common definitions
\babel@savecnt=\count187
\U@D=\dimen139
\l@babelnohyphens=\language87

(/usr/share/texmf-dist/tex/generic/babel/txtbabel.def)
\bbl@readstream=\read2
)
\bbl@dirlevel=\count188

(/usr/share/texmf-dist/tex/generic/babel-spanish/spanish.ldf
Language: spanish.ldf 2016/03/03 v5.0p Spanish support from the babel system
\es@quottoks=\toks17
\es@quotdepth=\count189
Package babel Info: Making " an active character on input line 561.
Package babel Info: Making . an active character on input line 662.
Package babel Info: Making < an active character on input line 707.
Package babel Info: Making > an active character on input line 707.
))
(/usr/share/texmf-dist/tex/latex/geometry/geometry.sty
Package: geometry 2020/01/02 v5.9 Page Geometry

(/usr/share/texmf-dist/tex/latex/graphics/keyval.sty
Package: keyval 2014/10/28 v1.15 key=value parser (DPC)
\KV@toks@=\toks18
)
(/usr/share/texmf-dist/tex/generic/iftex/ifvtex.sty
Package: ifvtex 2019/10/25 v1.7 ifvtex legacy package. Use iftex instead.

(/usr/share/texmf-dist/tex/generic/iftex/iftex.sty
Package: iftex 2020/03/06 v1.0d TeX engine tests
))
\Gm@cnth=\count190
\Gm@cntv=\count191
\c@Gm@tempcnt=\count192
\Gm@bindingoffset=\dimen140
\Gm@wd@mp=\dimen141
\Gm@odd@mp=\dimen142
\Gm@even@mp=\dimen143
\Gm@layoutwidth=\dimen144
\Gm@layoutheight=\dimen145
\Gm@layouthoffset=\dimen146
\Gm@layoutvoffset=\dimen147
\Gm@dimlist=\toks19
)
(/usr/share/texmf-dist/tex/latex/graphics/graphicx.sty
Package: graphicx 2020/09/09 v1.2b Enhanced LaTeX Graphics (DPC,SPQR)

(/usr/share/texmf-dist/tex/latex/graphics/graphics.sty
Package: graphics 2020/08/30 v1.4c Standard LaTeX Graphics (DPC,SPQR)

(/usr/share/texmf-dist/tex/latex/graphics/trig.sty
Package: trig 2016/01/03 v1.10 sin cos tan (DPC)
)
(/usr/share/texmf-dist/tex/latex/graphics-cfg/graphics.cfg
File: graphics.cfg 2016/06/04 v1.11 sample graphics configuration
)
Package graphics Info: Driver file: pdftex.def on input line 105.

(/usr/share/texmf-dist/tex/latex/graphics-def/pdftex.def
File: pdftex.def 2020/10/05 v1.2a Graphics/color driver for pdftex
))
\Gin@req@height=\dimen148
\Gin@req@width=\dimen149
)
(/usr/share/texmf-dist/tex/latex/xcolor/xcolor.sty
Package: xcolor 2016/05/11 v2.12 LaTeX color extensions (UK)

(/usr/share/texmf-dist/tex/latex/graphics-cfg/color.cfg
File: color.cfg 2016/01/02 v1.6 sample color configuration
)
Package xcolor Info: Driver file: pdftex.def on input line 225.

(/usr/share/texmf-dist/tex/latex/colortbl/colortbl.sty
Package: colortbl 2020/01/04 v1.0e Color table columns (DPC)

(/usr/share/texmf-dist/tex/latex/tools/array.sty
Package: array 2020/10/01 v2.5c Tabular extension package (FMi)
\col@sep=\dimen150
\ar@mcellbox=\box47
\extrarowheight=\dimen151
\NC@list=\toks20
\extratabsurround=\skip49
\backup@length=\skip50
\ar@cellbox=\box48
)
\everycr=\toks21
\minrowclearance=\skip51
)
\rownum=\count193
Package xcolor Info: Model `cmy' substituted by `cmy0' on input line 1348.
Package xcolor Info: Model `hsb' substituted by `rgb' on input line 1352.
Package xcolor Info: Model `RGB' extended on input line 1364.
Package xcolor Info: Model `HTML' substituted by `rgb' on input line 1366.
Package xcolor Info: Model `Hsb' substituted by `hsb' on input line 1367.
Package xcolor Info: Model `tHsb' substituted by `hsb' on input line 1368.
Package xcolor Info: Model `HSB' substituted by `hsb' on input line 1369.
Package xcolor Info: Model `Gray' substituted by `gray' on input line 1370.
Package xcolor Info: Model `wave' substituted by `hsb' on input line 1371.
)
(/usr/local/share/texmf/tex/latex/tcolorbox/tcolorbox.sty
Package: tcolorbox 2021/06/14 version 4.51 text color boxes

(/usr/local/share/texmf/tex/latex/pgf/basiclayer/pgf.sty
(/usr/local/share/texmf/tex/latex/pgf/utilities/pgfrcs.sty
(/usr/local/share/texmf/tex/generic/pgf/utilities/pgfutil-common.tex
\pgfutil@everybye=\toks22
\pgfutil@tempdima=\dimen152
\pgfutil@tempdimb=\dimen153

(/usr/local/share/texmf/tex/generic/pgf/utilities/pgfutil-common-lists.tex))
(/usr/local/share/texmf/tex/generic/pgf/utilities/pgfutil-latex.def
\pgfutil@abb=\box49
)
(/usr/local/share/texmf/tex/generic/pgf/utilities/pgfrcs.code.tex
(/usr/local/share/texmf/tex/generic/pgf/pgf.revision.tex)
Package: pgfrcs 2021/05/15 v3.1.9a (3.1.9a)
))
Package: pgf 2021/05/15 v3.1.9a (3.1.9a)

(/usr/local/share/texmf/tex/latex/pgf/basiclayer/pgfcore.sty
(/usr/local/share/texmf/tex/latex/pgf/systemlayer/pgfsys.sty
(/usr/local/share/texmf/tex/generic/pgf/systemlayer/pgfsys.code.tex
Package: pgfsys 2021/05/15 v3.1.9a (3.1.9a)

(/usr/local/share/texmf/tex/generic/pgf/utilities/pgfkeys.code.tex
\pgfkeys@pathtoks=\toks23
\pgfkeys@temptoks=\toks24

(/usr/local/share/texmf/tex/generic/pgf/utilities/pgfkeysfiltered.code.tex
\pgfkeys@tmptoks=\toks25
))
\pgf@x=\dimen154
\pgf@y=\dimen155
\pgf@xa=\dimen156
\pgf@ya=\dimen157
\pgf@xb=\dimen158
\pgf@yb=\dimen159
\pgf@xc=\dimen160
\pgf@yc=\dimen161
\pgf@xd=\dimen162
\pgf@yd=\dimen163
\w@pgf@writea=\write3
\r@pgf@reada=\read3
\c@pgf@counta=\count194
\c@pgf@countb=\count195
\c@pgf@countc=\count196
\c@pgf@countd=\count197
\t@pgf@toka=\toks26
\t@pgf@tokb=\toks27
\t@pgf@tokc=\toks28
\pgf@sys@id@count=\count198

(/usr/local/share/texmf/tex/generic/pgf/systemlayer/pgf.cfg
File: pgf.cfg 2021/05/15 v3.1.9a (3.1.9a)
)
Driver file for pgf: pgfsys-pdftex.def

(/usr/local/share/texmf/tex/generic/pgf/systemlayer/pgfsys-pdftex.def
File: pgfsys-pdftex.def 2021/05/15 v3.1.9a (3.1.9a)

(/usr/local/share/texmf/tex/generic/pgf/systemlayer/pgfsys-common-pdf.def
File: pgfsys-common-pdf.def 2021/05/15 v3.1.9a (3.1.9a)
)))
(/usr/local/share/texmf/tex/generic/pgf/systemlayer/pgfsyssoftpath.code.tex
File: pgfsyssoftpath.code.tex 2021/05/15 v3.1.9a (3.1.9a)
\pgfsyssoftpath@smallbuffer@items=\count199
\pgfsyssoftpath@bigbuffer@items=\count266
)
(/usr/local/share/texmf/tex/generic/pgf/systemlayer/pgfsysprotocol.code.tex
File: pgfsysprotocol.code.tex 2021/05/15 v3.1.9a (3.1.9a)
))
(/usr/local/share/texmf/tex/generic/pgf/basiclayer/pgfcore.code.tex
Package: pgfcore 2021/05/15 v3.1.9a (3.1.9a)

(/usr/local/share/texmf/tex/generic/pgf/math/pgfmath.code.tex
(/usr/local/share/texmf/tex/generic/pgf/math/pgfmathcalc.code.tex
(/usr/local/share/texmf/tex/generic/pgf/math/pgfmathutil.code.tex)
(/usr/local/share/texmf/tex/generic/pgf/math/pgfmathparser.code.tex
\pgfmath@dimen=\dimen164
\pgfmath@count=\count267
\pgfmath@box=\box50
\pgfmath@toks=\toks29
\pgfmath@stack@operand=\toks30
\pgfmath@stack@operation=\toks31
)
(/usr/local/share/texmf/tex/generic/pgf/math/pgfmathfunctions.code.tex
(/usr/local/share/texmf/tex/generic/pgf/math/pgfmathfunctions.basic.code.tex)
(/usr/local/share/texmf/tex/generic/pgf/math/pgfmathfunctions.trigonometric.cod
e.tex)
(/usr/local/share/texmf/tex/generic/pgf/math/pgfmathfunctions.random.code.tex)
(/usr/local/share/texmf/tex/generic/pgf/math/pgfmathfunctions.comparison.code.t
ex) (/usr/local/share/texmf/tex/generic/pgf/math/pgfmathfunctions.base.code.tex
) (/usr/local/share/texmf/tex/generic/pgf/math/pgfmathfunctions.round.code.tex)
(/usr/local/share/texmf/tex/generic/pgf/math/pgfmathfunctions.misc.code.tex)
(/usr/local/share/texmf/tex/generic/pgf/math/pgfmathfunctions.integerarithmetic
s.code.tex)))
(/usr/local/share/texmf/tex/generic/pgf/math/pgfmathfloat.code.tex
\c@pgfmathroundto@lastzeros=\count268
))
(/usr/local/share/texmf/tex/generic/pgf/math/pgfint.code.tex)
(/usr/local/share/texmf/tex/generic/pgf/basiclayer/pgfcorepoints.code.tex
File: pgfcorepoints.code.tex 2021/05/15 v3.1.9a (3.1.9a)
\pgf@picminx=\dimen165
\pgf@picmaxx=\dimen166
\pgf@picminy=\dimen167
\pgf@picmaxy=\dimen168
\pgf@pathminx=\dimen169
\pgf@pathmaxx=\dimen170
\pgf@pathminy=\dimen171
\pgf@pathmaxy=\dimen172
\pgf@xx=\dimen173
\pgf@xy=\dimen174
\pgf@yx=\dimen175
\pgf@yy=\dimen176
\pgf@zx=\dimen177
\pgf@zy=\dimen178
)
(/usr/local/share/texmf/tex/generic/pgf/basiclayer/pgfcorepathconstruct.code.te
x
File: pgfcorepathconstruct.code.tex 2021/05/15 v3.1.9a (3.1.9a)
\pgf@path@lastx=\dimen179
\pgf@path@lasty=\dimen180
) (/usr/local/share/texmf/tex/generic/pgf/basiclayer/pgfcorepathusage.code.tex
File: pgfcorepathusage.code.tex 2021/05/15 v3.1.9a (3.1.9a)
\pgf@shorten@end@additional=\dimen181
\pgf@shorten@start@additional=\dimen182
) (/usr/local/share/texmf/tex/generic/pgf/basiclayer/pgfcorescopes.code.tex
File: pgfcorescopes.code.tex 2021/05/15 v3.1.9a (3.1.9a)
\pgfpic=\box51
\pgf@hbox=\box52
\pgf@layerbox@main=\box53
\pgf@picture@serial@count=\count269
)
(/usr/local/share/texmf/tex/generic/pgf/basiclayer/pgfcoregraphicstate.code.tex
File: pgfcoregraphicstate.code.tex 2021/05/15 v3.1.9a (3.1.9a)
\pgflinewidth=\dimen183
)
(/usr/local/share/texmf/tex/generic/pgf/basiclayer/pgfcoretransformations.code.
tex
File: pgfcoretransformations.code.tex 2021/05/15 v3.1.9a (3.1.9a)
\pgf@pt@x=\dimen184
\pgf@pt@y=\dimen185
\pgf@pt@temp=\dimen186
) (/usr/local/share/texmf/tex/generic/pgf/basiclayer/pgfcorequick.code.tex
File: pgfcorequick.code.tex 2021/05/15 v3.1.9a (3.1.9a)
)
(/usr/local/share/texmf/tex/generic/pgf/basiclayer/pgfcoreobjects.code.tex
File: pgfcoreobjects.code.tex 2021/05/15 v3.1.9a (3.1.9a)
)
(/usr/local/share/texmf/tex/generic/pgf/basiclayer/pgfcorepathprocessing.code.t
ex
File: pgfcorepathprocessing.code.tex 2021/05/15 v3.1.9a (3.1.9a)
) (/usr/local/share/texmf/tex/generic/pgf/basiclayer/pgfcorearrows.code.tex
File: pgfcorearrows.code.tex 2021/05/15 v3.1.9a (3.1.9a)
\pgfarrowsep=\dimen187
)
(/usr/local/share/texmf/tex/generic/pgf/basiclayer/pgfcoreshade.code.tex
File: pgfcoreshade.code.tex 2021/05/15 v3.1.9a (3.1.9a)
\pgf@max=\dimen188
\pgf@sys@shading@range@num=\count270
\pgf@shadingcount=\count271
)
(/usr/local/share/texmf/tex/generic/pgf/basiclayer/pgfcoreimage.code.tex
File: pgfcoreimage.code.tex 2021/05/15 v3.1.9a (3.1.9a)

(/usr/local/share/texmf/tex/generic/pgf/basiclayer/pgfcoreexternal.code.tex
File: pgfcoreexternal.code.tex 2021/05/15 v3.1.9a (3.1.9a)
\pgfexternal@startupbox=\box54
))
(/usr/local/share/texmf/tex/generic/pgf/basiclayer/pgfcorelayers.code.tex
File: pgfcorelayers.code.tex 2021/05/15 v3.1.9a (3.1.9a)
)
(/usr/local/share/texmf/tex/generic/pgf/basiclayer/pgfcoretransparency.code.tex
File: pgfcoretransparency.code.tex 2021/05/15 v3.1.9a (3.1.9a)
) (/usr/local/share/texmf/tex/generic/pgf/basiclayer/pgfcorepatterns.code.tex
File: pgfcorepatterns.code.tex 2021/05/15 v3.1.9a (3.1.9a)
)
(/usr/local/share/texmf/tex/generic/pgf/basiclayer/pgfcorerdf.code.tex
File: pgfcorerdf.code.tex 2021/05/15 v3.1.9a (3.1.9a)
)))
(/usr/local/share/texmf/tex/generic/pgf/modules/pgfmoduleshapes.code.tex
File: pgfmoduleshapes.code.tex 2021/05/15 v3.1.9a (3.1.9a)
\pgfnodeparttextbox=\box55
)
(/usr/local/share/texmf/tex/generic/pgf/modules/pgfmoduleplot.code.tex
File: pgfmoduleplot.code.tex 2021/05/15 v3.1.9a (3.1.9a)
)
(/usr/local/share/texmf/tex/latex/pgf/compatibility/pgfcomp-version-0-65.sty
Package: pgfcomp-version-0-65 2021/05/15 v3.1.9a (3.1.9a)
\pgf@nodesepstart=\dimen189
\pgf@nodesepend=\dimen190
)
(/usr/local/share/texmf/tex/latex/pgf/compatibility/pgfcomp-version-1-18.sty
Package: pgfcomp-version-1-18 2021/05/15 v3.1.9a (3.1.9a)
))
(/usr/share/texmf-dist/tex/latex/tools/verbatim.sty
Package: verbatim 2020-07-07 v1.5u LaTeX2e package for verbatim enhancements
\every@verbatim=\toks32
\verbatim@line=\toks33
\verbatim@in@stream=\read4
)
(/usr/share/texmf-dist/tex/latex/environ/environ.sty
Package: environ 2014/05/04 v0.3 A new way to define environments

(/usr/share/texmf-dist/tex/latex/trimspaces/trimspaces.sty
Package: trimspaces 2009/09/17 v1.1 Trim spaces around a token list
)
\@envbody=\toks34
)
(/usr/share/texmf-dist/tex/latex/etoolbox/etoolbox.sty
Package: etoolbox 2020/10/05 v2.5k e-TeX tools for LaTeX (JAW)
\etb@tempcnta=\count272
)
\tcb@titlebox=\box56
\tcb@upperbox=\box57
\tcb@lowerbox=\box58
\tcb@phantombox=\box59
\c@tcbbreakpart=\count273
\c@tcblayer=\count274
\c@tcolorbox@number=\count275
\tcb@temp=\box60
\tcb@temp=\box61
\tcb@temp=\box62
\tcb@temp=\box63

LaTeX3 Info: Defining command \tcblistof with sig. 'O{\section }mom' on line
(LaTeX3)     2149.


(/usr/local/share/texmf/tex/latex/tcolorbox/tcbraster.code.tex
Library (tcolorbox): 'tcbraster.code.tex' version '4.51'
\c@tcbrastercolumn=\count276
\c@tcbrasterrow=\count277
\c@tcbrasternum=\count278
\c@tcbraster=\count279
) (/usr/local/share/texmf/tex/latex/tcolorbox/tcbskins.code.tex
Library (tcolorbox): 'tcbskins.code.tex' version '4.51'
(/usr/local/share/texmf/tex/latex/pgf/frontendlayer/tikz.sty
(/usr/local/share/texmf/tex/latex/pgf/utilities/pgffor.sty
(/usr/local/share/texmf/tex/latex/pgf/utilities/pgfkeys.sty
(/usr/local/share/texmf/tex/generic/pgf/utilities/pgfkeys.code.tex))
(/usr/local/share/texmf/tex/latex/pgf/math/pgfmath.sty
(/usr/local/share/texmf/tex/generic/pgf/math/pgfmath.code.tex))
(/usr/local/share/texmf/tex/generic/pgf/utilities/pgffor.code.tex
Package: pgffor 2021/05/15 v3.1.9a (3.1.9a)

(/usr/local/share/texmf/tex/generic/pgf/math/pgfmath.code.tex)
\pgffor@iter=\dimen191
\pgffor@skip=\dimen192
\pgffor@stack=\toks35
\pgffor@toks=\toks36
))
(/usr/local/share/texmf/tex/generic/pgf/frontendlayer/tikz/tikz.code.tex
Package: tikz 2021/05/15 v3.1.9a (3.1.9a)

(/usr/local/share/texmf/tex/generic/pgf/libraries/pgflibraryplothandlers.code.t
ex
File: pgflibraryplothandlers.code.tex 2021/05/15 v3.1.9a (3.1.9a)
\pgf@plot@mark@count=\count280
\pgfplotmarksize=\dimen193
)
\tikz@lastx=\dimen194
\tikz@lasty=\dimen195
\tikz@lastxsaved=\dimen196
\tikz@lastysaved=\dimen197
\tikz@lastmovetox=\dimen198
\tikz@lastmovetoy=\dimen199
\tikzleveldistance=\dimen256
\tikzsiblingdistance=\dimen257
\tikz@figbox=\box64
\tikz@figbox@bg=\box65
\tikz@tempbox=\box66
\tikz@tempbox@bg=\box67
\tikztreelevel=\count281
\tikznumberofchildren=\count282
\tikznumberofcurrentchild=\count283
\tikz@fig@count=\count284
 (/usr/local/share/texmf/tex/generic/pgf/modules/pgfmodulematrix.code.tex
File: pgfmodulematrix.code.tex 2021/05/15 v3.1.9a (3.1.9a)
\pgfmatrixcurrentrow=\count285
\pgfmatrixcurrentcolumn=\count286
\pgf@matrix@numberofcolumns=\count287
)
\tikz@expandcount=\count288

(/usr/local/share/texmf/tex/generic/pgf/frontendlayer/tikz/libraries/tikzlibrar
ytopaths.code.tex
File: tikzlibrarytopaths.code.tex 2021/05/15 v3.1.9a (3.1.9a)
)))
\tcb@waterbox=\box68

(/usr/local/share/texmf/tex/latex/tcolorbox/tcbskinsjigsaw.code.tex
Library (tcolorbox): 'tcbskinsjigsaw.code.tex' version '4.51'
)) (/usr/local/share/texmf/tex/latex/tcolorbox/tcbbreakable.code.tex
Library (tcolorbox): 'tcbbreakable.code.tex' version '4.51'
(/usr/share/texmf-dist/tex/generic/oberdiek/pdfcol.sty
Package: pdfcol 2019/12/29 v1.6 Handle new color stacks for pdfTeX (HO)

(/usr/share/texmf-dist/tex/generic/ltxcmds/ltxcmds.sty
Package: ltxcmds 2020-05-10 v1.25 LaTeX kernel commands for general use (HO)
)
(/usr/share/texmf-dist/tex/generic/infwarerr/infwarerr.sty
Package: infwarerr 2019/12/03 v1.5 Providing info/warning/error messages (HO)
))
Package pdfcol Info: New color stack `tcb@breakable' = 1 on input line 23.
\tcb@testbox=\box69
\tcb@totalupperbox=\box70
\tcb@totallowerbox=\box71
)
(/usr/local/share/texmf/tex/latex/tcolorbox/tcbhooks.code.tex
Library (tcolorbox): 'tcbhooks.code.tex' version '4.51'
) (/usr/local/share/texmf/tex/latex/tcolorbox/tcbtheorems.code.tex
Library (tcolorbox): 'tcbtheorems.code.tex' version '4.51'
(/usr/share/texmf-dist/tex/latex/amsmath/amsmath.sty
Package: amsmath 2020/09/23 v2.17i AMS math features
\@mathmargin=\skip52

For additional information on amsmath, use the `?' option.
(/usr/share/texmf-dist/tex/latex/amsmath/amstext.sty
Package: amstext 2000/06/29 v2.01 AMS text

(/usr/share/texmf-dist/tex/latex/amsmath/amsgen.sty
File: amsgen.sty 1999/11/30 v2.0 generic functions
\@emptytoks=\toks37
\ex@=\dimen258
))
(/usr/share/texmf-dist/tex/latex/amsmath/amsbsy.sty
Package: amsbsy 1999/11/29 v1.2d Bold Symbols
\pmbraise@=\dimen259
)
(/usr/share/texmf-dist/tex/latex/amsmath/amsopn.sty
Package: amsopn 2016/03/08 v2.02 operator names
)
\inf@bad=\count289
LaTeX Info: Redefining \frac on input line 234.
\uproot@=\count290
\leftroot@=\count291
LaTeX Info: Redefining \overline on input line 399.
\classnum@=\count292
\DOTSCASE@=\count293
LaTeX Info: Redefining \ldots on input line 496.
LaTeX Info: Redefining \dots on input line 499.
LaTeX Info: Redefining \cdots on input line 620.
\Mathstrutbox@=\box72
\strutbox@=\box73
\big@size=\dimen260
LaTeX Font Info:    Redeclaring font encoding OML on input line 743.
LaTeX Font Info:    Redeclaring font encoding OMS on input line 744.
\macc@depth=\count294
\c@MaxMatrixCols=\count295
\dotsspace@=\muskip16
\c@parentequation=\count296
\dspbrk@lvl=\count297
\tag@help=\toks38
\row@=\count298
\column@=\count299
\maxfields@=\count300
\andhelp@=\toks39
\eqnshift@=\dimen261
\alignsep@=\dimen262
\tagshift@=\dimen263
\tagwidth@=\dimen264
\totwidth@=\dimen265
\lineht@=\dimen266
\@envbody=\toks40
\multlinegap=\skip53
\multlinetaggap=\skip54
\mathdisplay@stack=\toks41
LaTeX Info: Redefining \[ on input line 2923.
LaTeX Info: Redefining \] on input line 2924.
))
(/usr/local/share/texmf/tex/latex/tcolorbox/tcbfitting.code.tex
Library (tcolorbox): 'tcbfitting.code.tex' version '4.51'
\tcbfitdim=\dimen267
\tcb@lowerfitdim=\dimen268
\tcb@upperfitdim=\dimen269
\tcb@cur@hbadness=\count301
) (/usr/local/share/texmf/tex/latex/tcolorbox/tcbxparse.code.tex
Library (tcolorbox): 'tcbxparse.code.tex' version '4.51'
(/usr/share/texmf-dist/tex/latex/l3packages/xparse/xparse.sty
(/usr/share/texmf-dist/tex/latex/l3kernel/expl3.sty
Package: expl3 2021-02-18 L3 programming layer (loader) 

(/usr/share/texmf-dist/tex/latex/l3backend/l3backend-pdftex.def
File: l3backend-pdftex.def 2021-03-18 L3 backend support: PDF output (pdfTeX)
\l__color_backend_stack_int=\count302
\l__pdf_internal_box=\box74
))
(/usr/share/texmf-dist/tex/latex/l3packages/xparse/xparse-2020-10-01.sty
(/usr/share/texmf-dist/tex/latex/l3packages/xparse/xparse-generic.tex))))
(/usr/local/share/texmf/tex/latex/tcolorbox/tcblistingsutf8.code.tex
Library (tcolorbox): 'tcblistingsutf8.code.tex' version '4.51'
(/usr/local/share/texmf/tex/latex/tcolorbox/tcblistings.code.tex
Library (tcolorbox): 'tcblistings.code.tex' version '4.51'
(/usr/share/texmf-dist/tex/latex/listings/listings.sty
\lst@mode=\count303
\lst@gtempboxa=\box75
\lst@token=\toks42
\lst@length=\count304
\lst@currlwidth=\dimen270
\lst@column=\count305
\lst@pos=\count306
\lst@lostspace=\dimen271
\lst@width=\dimen272
\lst@newlines=\count307
\lst@lineno=\count308
\lst@maxwidth=\dimen273

(/usr/share/texmf-dist/tex/latex/listings/lstmisc.sty
File: lstmisc.sty 2020/03/24 1.8d (Carsten Heinz)
\c@lstnumber=\count309
\lst@skipnumbers=\count310
\lst@framebox=\box76
)
(/usr/share/texmf-dist/tex/latex/listings/listings.cfg
File: listings.cfg 2020/03/24 1.8d listings configuration
))
Package: listings 2020/03/24 1.8d (Carsten Heinz)

(/usr/local/share/texmf/tex/latex/tcolorbox/tcblistingscore.code.tex
Library (tcolorbox): 'tcblistingscore.code.tex' version '4.51'
(/usr/local/share/texmf/tex/latex/tcolorbox/tcbprocessing.code.tex
Library (tcolorbox): 'tcbprocessing.code.tex' version '4.51'
(/usr/share/texmf-dist/tex/generic/pdftexcmds/pdftexcmds.sty
Package: pdftexcmds 2020-06-27 v0.33 Utility functions of pdfTeX for LuaTeX (HO
)
Package pdftexcmds Info: \pdf@primitive is available.
Package pdftexcmds Info: \pdf@ifprimitive is available.
Package pdftexcmds Info: \pdfdraftmode found.
)
(/usr/share/texmf-dist/tex/latex/tools/shellesc.sty
Package: shellesc 2019/11/08 v1.0c unified shell escape interface for LaTeX
Package shellesc Info: Restricted shell escape enabled on input line 77.
))
\c@tcblisting=\count311
))
(/usr/share/texmf-dist/tex/latex/listingsutf8/listingsutf8.sty
Package: listingsutf8 2019-12-10 v1.5 Allow UTF-8 in listings input (HO)

(/usr/share/texmf-dist/tex/generic/stringenc/stringenc.sty
Package: stringenc 2019/11/29 v1.12 Convert strings between diff. encodings (HO
)

(/usr/share/texmf-dist/tex/generic/pdfescape/pdfescape.sty
Package: pdfescape 2019/12/09 v1.15 Implements pdfTeX's escape features (HO)
))))
(/usr/local/share/texmf/tex/latex/tcolorbox/tcbexternal.code.tex
Library (tcolorbox): 'tcbexternal.code.tex' version '4.51'
) (/usr/local/share/texmf/tex/latex/tcolorbox/tcbmagazine.code.tex
Library (tcolorbox): 'tcbmagazine.code.tex' version '4.51'
) (/usr/local/share/texmf/tex/latex/tcolorbox/tcbvignette.code.tex
Library (tcolorbox): 'tcbvignette.code.tex' version '4.51'

(/usr/local/share/texmf/tex/generic/pgf/frontendlayer/tikz/libraries/tikzlibrar
yfadings.code.tex
File: tikzlibraryfadings.code.tex 2021/05/15 v3.1.9a (3.1.9a)

(/usr/local/share/texmf/tex/generic/pgf/libraries/pgflibraryfadings.code.tex
File: pgflibraryfadings.code.tex 2021/05/15 v3.1.9a (3.1.9a)
))) (/usr/local/share/texmf/tex/latex/tcolorbox/tcbposter.code.tex
Library (tcolorbox): 'tcbposter.code.tex' version '4.51'
)) (/usr/share/texmf-dist/tex/latex/fancyhdr/fancyhdr.sty
Package: fancyhdr 2021/01/28 v4.0.1 Extensive control of page headers and foote
rs
\f@nch@headwidth=\skip55
\f@nch@O@elh=\skip56
\f@nch@O@erh=\skip57
\f@nch@O@olh=\skip58
\f@nch@O@orh=\skip59
\f@nch@O@elf=\skip60
\f@nch@O@erf=\skip61
\f@nch@O@olf=\skip62
\f@nch@O@orf=\skip63
)
(/usr/share/texmf-dist/tex/latex/hyperref/hyperref.sty
Package: hyperref 2021-02-27 v7.00k Hypertext links for LaTeX

(/usr/share/texmf-dist/tex/generic/kvsetkeys/kvsetkeys.sty
Package: kvsetkeys 2019/12/15 v1.18 Key value parser (HO)
)
(/usr/share/texmf-dist/tex/generic/kvdefinekeys/kvdefinekeys.sty
Package: kvdefinekeys 2019-12-19 v1.6 Define keys (HO)
)
(/usr/share/texmf-dist/tex/latex/hycolor/hycolor.sty
Package: hycolor 2020-01-27 v1.10 Color options for hyperref/bookmark (HO)
)
(/usr/share/texmf-dist/tex/latex/letltxmacro/letltxmacro.sty
Package: letltxmacro 2019/12/03 v1.6 Let assignment for LaTeX macros (HO)
)
(/usr/share/texmf-dist/tex/latex/auxhook/auxhook.sty
Package: auxhook 2019-12-17 v1.6 Hooks for auxiliary files (HO)
)
(/usr/share/texmf-dist/tex/latex/kvoptions/kvoptions.sty
Package: kvoptions 2020-10-07 v3.14 Key value format for package options (HO)
)
\@linkdim=\dimen274
\Hy@linkcounter=\count312
\Hy@pagecounter=\count313

(/usr/share/texmf-dist/tex/latex/hyperref/pd1enc.def
File: pd1enc.def 2021-02-27 v7.00k Hyperref: PDFDocEncoding definition (HO)
Now handling font encoding PD1 ...
... no UTF-8 mapping file for font encoding PD1
)
(/usr/share/texmf-dist/tex/latex/hyperref/hyperref-langpatches.def
File: hyperref-langpatches.def 2021-02-27 v7.00k Hyperref: patches for babel la
nguages
)
(/usr/share/texmf-dist/tex/generic/intcalc/intcalc.sty
Package: intcalc 2019/12/15 v1.3 Expandable calculations with integers (HO)
)
(/usr/share/texmf-dist/tex/generic/etexcmds/etexcmds.sty
Package: etexcmds 2019/12/15 v1.7 Avoid name clashes with e-TeX commands (HO)
)
\Hy@SavedSpaceFactor=\count314

(/usr/share/texmf-dist/tex/latex/hyperref/puenc.def
File: puenc.def 2021-02-27 v7.00k Hyperref: PDF Unicode definition (HO)
Now handling font encoding PU ...
... no UTF-8 mapping file for font encoding PU
)
Package hyperref Info: Hyper figures OFF on input line 4192.
Package hyperref Info: Link nesting OFF on input line 4197.
Package hyperref Info: Hyper index ON on input line 4200.
Package hyperref Info: Plain pages OFF on input line 4207.
Package hyperref Info: Backreferencing OFF on input line 4212.
Package hyperref Info: Implicit mode ON; LaTeX internals redefined.
Package hyperref Info: Bookmarks ON on input line 4445.
\c@Hy@tempcnt=\count315

(/usr/share/texmf-dist/tex/latex/url/url.sty
\Urlmuskip=\muskip17
Package: url 2013/09/16  ver 3.4  Verb mode for urls, etc.
)
LaTeX Info: Redefining \url on input line 4804.
\XeTeXLinkMargin=\dimen275

(/usr/share/texmf-dist/tex/generic/bitset/bitset.sty
Package: bitset 2019/12/09 v1.3 Handle bit-vector datatype (HO)

(/usr/share/texmf-dist/tex/generic/bigintcalc/bigintcalc.sty
Package: bigintcalc 2019/12/15 v1.5 Expandable calculations on big integers (HO
)
))
\Fld@menulength=\count316
\Field@Width=\dimen276
\Fld@charsize=\dimen277
Package hyperref Info: Hyper figures OFF on input line 6075.
Package hyperref Info: Link nesting OFF on input line 6080.
Package hyperref Info: Hyper index ON on input line 6083.
Package hyperref Info: backreferencing OFF on input line 6090.
Package hyperref Info: Link coloring OFF on input line 6095.
Package hyperref Info: Link coloring with OCG OFF on input line 6100.
Package hyperref Info: PDF/A mode OFF on input line 6105.
LaTeX Info: Redefining \ref on input line 6145.
LaTeX Info: Redefining \pageref on input line 6149.

(/usr/share/texmf-dist/tex/latex/base/atbegshi-ltx.sty
Package: atbegshi-ltx 2020/08/17 v1.0a Emulation of the original atbegshi packa
ge
with kernel methods
)
\Hy@abspage=\count317
\c@Item=\count318
\c@Hfootnote=\count319
)
Package hyperref Info: Driver (autodetected): hpdftex.

(/usr/share/texmf-dist/tex/latex/hyperref/hpdftex.def
File: hpdftex.def 2021-02-27 v7.00k Hyperref driver for pdfTeX

(/usr/share/texmf-dist/tex/latex/base/atveryend-ltx.sty
Package: atveryend-ltx 2020/08/19 v1.0a Emulation of the original atvery packag
e
with kernel methods
)
\Fld@listcount=\count320
\c@bookmark@seq@number=\count321

(/usr/share/texmf-dist/tex/latex/rerunfilecheck/rerunfilecheck.sty
Package: rerunfilecheck 2019/12/05 v1.9 Rerun checks for auxiliary files (HO)

(/usr/share/texmf-dist/tex/generic/uniquecounter/uniquecounter.sty
Package: uniquecounter 2019/12/15 v1.4 Provide unlimited unique counter (HO)
)
Package uniquecounter Info: New unique counter `rerunfilecheck' on input line 2
86.
)
\Hy@SectionHShift=\skip64
)
(/usr/share/texmf-dist/tex/latex/parskip/parskip.sty
Package: parskip 2021-03-14 v2.0h non-zero parskip adjustments
)
(/usr/share/texmf-dist/tex/latex/caption/caption.sty
Package: caption 2020/10/26 v3.5g Customizing captions (AR)

(/usr/share/texmf-dist/tex/latex/caption/caption3.sty
Package: caption3 2020/10/21 v2.2e caption3 kernel (AR)
\captionmargin=\dimen278
\captionmargin@=\dimen279
\captionwidth=\dimen280
\caption@tempdima=\dimen281
\caption@indent=\dimen282
\caption@parindent=\dimen283
\caption@hangindent=\dimen284
Package caption Info: Standard document class detected.
)
Package caption Info: Option `figurename' requires the `newfloat' package on in
put line 187.

(/usr/share/texmf-dist/tex/latex/newfloat/newfloat.sty
Package: newfloat 2019/09/02 v1.1l Defining new floating environments (AR)
)
\c@caption@flags=\count322
\c@continuedfloat=\count323
Package caption Info: hyperref package is loaded.
Package caption Info: listings package is loaded.
)
(/usr/share/texmf-dist/tex/latex/pdfpages/pdfpages.sty
Package: pdfpages 2021/03/06 v0.5t Insert pages of external PDF documents (AM)

(/usr/share/texmf-dist/tex/latex/base/ifthen.sty
Package: ifthen 2014/09/29 v1.1c Standard LaTeX ifthen package (DPC)
)
(/usr/share/texmf-dist/tex/latex/tools/calc.sty
Package: calc 2017/05/25 v4.3 Infix arithmetic (KKT,FJ)
\calc@Acount=\count324
\calc@Bcount=\count325
\calc@Adimen=\dimen285
\calc@Bdimen=\dimen286
\calc@Askip=\skip65
\calc@Bskip=\skip66
LaTeX Info: Redefining \setlength on input line 80.
LaTeX Info: Redefining \addtolength on input line 81.
\calc@Ccount=\count326
\calc@Cskip=\skip67
)
(/usr/share/texmf-dist/tex/latex/eso-pic/eso-pic.sty
Package: eso-pic 2020/10/14 v3.0a eso-pic (RN)
\ESO@tempdima=\dimen287
\ESO@tempdimb=\dimen288
)
\AM@pagewidth=\dimen289
\AM@pageheight=\dimen290
\AM@fboxrule=\dimen291

(/usr/share/texmf-dist/tex/latex/pdfpages/pppdftex.def
File: pppdftex.def 2021/03/06 v0.5t Pdfpages driver for pdfTeX (AM)
)
\pdfpages@includegraphics@status=\count327
\AM@pagebox=\box77
\AM@global@opts=\toks43
\AM@pagecnt=\count328
\AM@toc@title=\toks44
\c@AM@survey=\count329
\AM@templatesizebox=\box78
) (./Document.aux
LaTeX Info: Redefining \. on input line 25.
LaTeX Info: Redefining \% on input line 25.
)
\openout1 = `Document.aux'.

LaTeX Font Info:    Checking defaults for OML/cmm/m/it on input line 40.
LaTeX Font Info:    ... okay on input line 40.
LaTeX Font Info:    Checking defaults for OMS/cmsy/m/n on input line 40.
LaTeX Font Info:    ... okay on input line 40.
LaTeX Font Info:    Checking defaults for OT1/cmr/m/n on input line 40.
LaTeX Font Info:    ... okay on input line 40.
LaTeX Font Info:    Checking defaults for T1/cmr/m/n on input line 40.
LaTeX Font Info:    ... okay on input line 40.
LaTeX Font Info:    Checking defaults for TS1/cmr/m/n on input line 40.
LaTeX Font Info:    ... okay on input line 40.
LaTeX Font Info:    Checking defaults for OMX/cmex/m/n on input line 40.
LaTeX Font Info:    ... okay on input line 40.
LaTeX Font Info:    Checking defaults for U/cmr/m/n on input line 40.
LaTeX Font Info:    ... okay on input line 40.
LaTeX Font Info:    Checking defaults for PD1/pdf/m/n on input line 40.
LaTeX Font Info:    ... okay on input line 40.
LaTeX Font Info:    Checking defaults for PU/pdf/m/n on input line 40.
LaTeX Font Info:    ... okay on input line 40.
LaTeX Info: Redefining \. on input line 40.
LaTeX Info: Redefining \% on input line 40.

*geometry* driver: auto-detecting
*geometry* detected driver: pdftex
*geometry* verbose mode - [ preamble ] result:
* driver: pdftex
* paper: a4paper
* layout: <same size as paper>
* layoutoffset:(h,v)=(0.0pt,0.0pt)
* modes: includefoot 
* h-part:(L,W,R)=(56.9055pt, 483.69687pt, 56.9055pt)
* v-part:(T,H,B)=(56.9055pt, 731.23584pt, 56.9055pt)
* \paperwidth=597.50787pt
* \paperheight=845.04684pt
* \textwidth=483.69687pt
* \textheight=701.23584pt
* \oddsidemargin=-15.36449pt
* \evensidemargin=-15.36449pt
* \topmargin=-52.36449pt
* \headheight=46.2pt
* \headsep=25.0pt
* \topskip=10.0pt
* \footskip=30.0pt
* \marginparwidth=57.0pt
* \marginparsep=11.0pt
* \columnsep=10.0pt
* \skip\footins=9.0pt plus 4.0pt minus 2.0pt
* \hoffset=0.0pt
* \voffset=0.0pt
* \mag=1000
* \@twocolumnfalse
* \@twosidefalse
* \@mparswitchfalse
* \@reversemarginfalse
* (1in=72.27pt=25.4mm, 1cm=28.453pt)

(/usr/share/texmf-dist/tex/context/base/mkii/supp-pdf.mkii
[Loading MPS to PDF converter (version 2006.09.02).]
\scratchcounter=\count330
\scratchdimen=\dimen292
\scratchbox=\box79
\nofMPsegments=\count331
\nofMParguments=\count332
\everyMPshowfont=\toks45
\MPscratchCnt=\count333
\MPscratchDim=\dimen293
\MPnumerator=\count334
\makeMPintoPDFobject=\count335
\everyMPtoPDFconversion=\toks46
) (/usr/share/texmf-dist/tex/latex/epstopdf-pkg/epstopdf-base.sty
Package: epstopdf-base 2020-01-24 v2.11 Base part for package epstopdf
Package epstopdf-base Info: Redefining graphics rule for `.eps' on input line 4
85.

(/usr/share/texmf-dist/tex/latex/latexconfig/epstopdf-sys.cfg
File: epstopdf-sys.cfg 2010/07/13 v1.3 Configuration of (r)epstopdf for TeX Liv
e
))
\c@lstlisting=\count336
Package hyperref Info: Link coloring OFF on input line 40.

(/usr/share/texmf-dist/tex/latex/hyperref/nameref.sty
Package: nameref 2021-04-02 v2.47 Cross-referencing by name of section

(/usr/share/texmf-dist/tex/latex/refcount/refcount.sty
Package: refcount 2019/12/15 v3.6 Data extraction from label references (HO)
)
(/usr/share/texmf-dist/tex/generic/gettitlestring/gettitlestring.sty
Package: gettitlestring 2019/12/15 v1.6 Cleanup title references (HO)
)
\c@section@level=\count337
)
LaTeX Info: Redefining \ref on input line 40.
LaTeX Info: Redefining \pageref on input line 40.
LaTeX Info: Redefining \nameref on input line 40.

(./Document.out) (./Document.out)
\@outlinefile=\write4
\openout4 = `Document.out'.

Package caption Info: Begin \AtBeginDocument code.
Package caption Info: End \AtBeginDocument code.

(/usr/share/texmf-dist/tex/latex/pdflscape/pdflscape.sty
Package: pdflscape 2019/12/05 v0.12 Display of landscape pages in PDF (HO)

(/usr/share/texmf-dist/tex/latex/graphics/lscape.sty
Package: lscape 2020/05/28 v3.02 Landscape Pages (DPC)
)
Package pdflscape Info: Auto-detected driver: pdftex on input line 81.
)

LaTeX Font Warning: Font shape `OT1/cmr/bx/sc' undefined
(Font)              using `OT1/cmr/bx/n' instead on input line 45.

[1

{/var/lib/texmf/fonts/map/pdftex/updmap/pdftex.map}] (./Document.toc
LaTeX Info: Redefining \. on input line 1.
LaTeX Info: Redefining \% on input line 1.
)
\tf@toc=\write5
\openout5 = `Document.toc'.

<images/logo-logo.jpg, id=80, 1204.5pt x 800.9925pt>
File: images/logo-logo.jpg Graphic file (type jpg)
<use images/logo-logo.jpg>
Package pdftex.def Info: images/logo-logo.jpg  used on input line 61.
(pdftex.def)             Requested size: 54.06006pt x 35.94533pt.
<images/sena.png, id=81, 636.3775pt x 590.205pt>
File: images/sena.png Graphic file (type png)
<use images/sena.png>
Package pdftex.def Info: images/sena.png  used on input line 61.
(pdftex.def)             Requested size: 42.67912pt x 39.58044pt.


Package fancyhdr Warning: \headheight is too small (46.2pt): 
(fancyhdr)                Make it at least 51.58044pt, for example:
(fancyhdr)                \setlength{\headheight}{51.58044pt}.
(fancyhdr)                You might also make \topmargin smaller to compensate:

(fancyhdr)                \addtolength{\topmargin}{-5.38045pt}.

pdfTeX warning (ext4): destination with the same identifier (name{page.1}) has 
been already used, duplicate ignored
<to be read again> 
                   \relax 
l.61 \clearpage
               {} [1

 <./images/logo-logo.jpg> <./images/sena.png>]
<images/ejercicio.png, id=90, 564.60938pt x 365.86688pt>
File: images/ejercicio.png Graphic file (type png)
<use images/ejercicio.png>
Package pdftex.def Info: images/ejercicio.png  used on input line 68.
(pdftex.def)             Requested size: 483.69687pt x 313.4391pt.
<images/ecuacionNeumatica.jpg, id=91, 1611.77156pt x 863.47594pt>
File: images/ecuacionNeumatica.jpg Graphic file (type jpg)
<use images/ecuacionNeumatica.jpg>
Package pdftex.def Info: images/ecuacionNeumatica.jpg  used on input line 79.
(pdftex.def)             Requested size: 241.84843pt x 129.55533pt.
<images/io.png, id=92, 663.98062pt x 484.05844pt>
File: images/io.png Graphic file (type png)
<use images/io.png>
Package pdftex.def Info: images/io.png  used on input line 87.
(pdftex.def)             Requested size: 483.69687pt x 352.6285pt.
File: images/logo-logo.jpg Graphic file (type jpg)
<use images/logo-logo.jpg>
Package pdftex.def Info: images/logo-logo.jpg  used on input line 90.
(pdftex.def)             Requested size: 54.06006pt x 35.94533pt.
File: images/sena.png Graphic file (type png)
<use images/sena.png>
Package pdftex.def Info: images/sena.png  used on input line 90.
(pdftex.def)             Requested size: 42.67912pt x 39.58044pt.


Package fancyhdr Warning: \headheight is too small (46.2pt): 
(fancyhdr)                Make it at least 51.58044pt, for example:
(fancyhdr)                \setlength{\headheight}{51.58044pt}.
(fancyhdr)                You might also make \topmargin smaller to compensate:

(fancyhdr)                \addtolength{\topmargin}{-5.38045pt}.

[2

 <./images/ejercicio.png (PNG copy)> <./images/ecuacionNeumatica.jpg>]

pdfTeX warning: pdflatex (file ./simulacion.pdf): PDF inclusion: found PDF vers
ion <1.7>, but at most version <1.5> allowed
<simulacion.pdf, id=99, 614.295pt x 794.97pt>
File: simulacion.pdf Graphic file (type pdf)
<use simulacion.pdf>
Package pdftex.def Info: simulacion.pdf  used on input line 94.
(pdftex.def)             Requested size: 614.29349pt x 794.96806pt.


pdfTeX warning: pdflatex (file ./simulacion.pdf): PDF inclusion: found PDF vers
ion <1.7>, but at most version <1.5> allowed
File: simulacion.pdf Graphic file (type pdf)
<use simulacion.pdf>
Package pdftex.def Info: simulacion.pdf  used on input line 94.
(pdftex.def)             Requested size: 614.29349pt x 794.96806pt.


pdfTeX warning: pdflatex (file ./simulacion.pdf): PDF inclusion: found PDF vers
ion <1.7>, but at most version <1.5> allowed


pdfTeX warning: pdflatex (file ./simulacion.pdf): PDF inclusion: found PDF vers
ion <1.7>, but at most version <1.5> allowed
<simulacion.pdf, id=102, page=1, 614.295pt x 794.97pt>
File: simulacion.pdf Graphic file (type pdf)
<use simulacion.pdf, page 1>
Package pdftex.def Info: simulacion.pdf , page1 used on input line 94.
(pdftex.def)             Requested size: 614.29349pt x 794.96806pt.
File: simulacion.pdf Graphic file (type pdf)
<use simulacion.pdf, page 1>
Package pdftex.def Info: simulacion.pdf , page1 used on input line 94.
(pdftex.def)             Requested size: 597.78697pt x 773.60669pt.
File: images/logo-logo.jpg Graphic file (type jpg)
<use images/logo-logo.jpg>
Package pdftex.def Info: images/logo-logo.jpg  used on input line 94.
(pdftex.def)             Requested size: 54.06006pt x 35.94533pt.
File: images/sena.png Graphic file (type png)
<use images/sena.png>
Package pdftex.def Info: images/sena.png  used on input line 94.
(pdftex.def)             Requested size: 42.67912pt x 39.58044pt.

Package fancyhdr Warning: \headheight is too small (46.2pt): 
(fancyhdr)                Make it at least 51.58044pt, for example:
(fancyhdr)                \setlength{\headheight}{51.58044pt}.
(fancyhdr)                You might also make \topmargin smaller to compensate:

(fancyhdr)                \addtolength{\topmargin}{-5.38045pt}.

[3 <./images/io.png (PNG copy)>]
File: simulacion.pdf Graphic file (type pdf)
<use simulacion.pdf, page 1>
Package pdftex.def Info: simulacion.pdf , page1 used on input line 94.
(pdftex.def)             Requested size: 597.78697pt x 773.60669pt.
File: simulacion.pdf Graphic file (type pdf)
<use simulacion.pdf, page 1>
Package pdftex.def Info: simulacion.pdf , page1 used on input line 94.
(pdftex.def)             Requested size: 597.78697pt x 773.60669pt.
File: simulacion.pdf Graphic file (type pdf)
<use simulacion.pdf, page 1>
Package pdftex.def Info: simulacion.pdf , page1 used on input line 94.
(pdftex.def)             Requested size: 597.78697pt x 773.60669pt.
 [4 <./simulacion.pdf>]

pdfTeX warning: pdflatex (file ./bloques.pdf): PDF inclusion: found PDF version
 <1.7>, but at most version <1.5> allowed
<bloques.pdf, id=121, 597.55246pt x 845.07724pt>
File: bloques.pdf Graphic file (type pdf)
<use bloques.pdf>
Package pdftex.def Info: bloques.pdf  used on input line 98.
(pdftex.def)             Requested size: 597.551pt x 845.07518pt.


pdfTeX warning: pdflatex (file ./bloques.pdf): PDF inclusion: found PDF version
 <1.7>, but at most version <1.5> allowed
File: bloques.pdf Graphic file (type pdf)
<use bloques.pdf>
Package pdftex.def Info: bloques.pdf  used on input line 98.
(pdftex.def)             Requested size: 597.551pt x 845.07518pt.


pdfTeX warning: pdflatex (file ./bloques.pdf): PDF inclusion: found PDF version
 <1.7>, but at most version <1.5> allowed


pdfTeX warning: pdflatex (file ./bloques.pdf): PDF inclusion: found PDF version
 <1.7>, but at most version <1.5> allowed
<bloques.pdf, id=124, page=1, 597.55246pt x 845.07724pt>
File: bloques.pdf Graphic file (type pdf)
<use bloques.pdf, page 1>
Package pdftex.def Info: bloques.pdf , page1 used on input line 98.
(pdftex.def)             Requested size: 597.551pt x 845.07518pt.
File: bloques.pdf Graphic file (type pdf)
<use bloques.pdf, page 1>
Package pdftex.def Info: bloques.pdf , page1 used on input line 98.
(pdftex.def)             Requested size: 597.57834pt x 845.11386pt.
File: images/logo-logo.jpg Graphic file (type jpg)
<use images/logo-logo.jpg>
Package pdftex.def Info: images/logo-logo.jpg  used on input line 98.
(pdftex.def)             Requested size: 54.06006pt x 35.94533pt.
File: images/sena.png Graphic file (type png)
<use images/sena.png>
Package pdftex.def Info: images/sena.png  used on input line 98.
(pdftex.def)             Requested size: 42.67912pt x 39.58044pt.

Package fancyhdr Warning: \headheight is too small (46.2pt): 
(fancyhdr)                Make it at least 51.58044pt, for example:
(fancyhdr)                \setlength{\headheight}{51.58044pt}.
(fancyhdr)                You might also make \topmargin smaller to compensate:

(fancyhdr)                \addtolength{\topmargin}{-5.38045pt}.

[5]
File: bloques.pdf Graphic file (type pdf)
<use bloques.pdf, page 1>
Package pdftex.def Info: bloques.pdf , page1 used on input line 98.
(pdftex.def)             Requested size: 597.57834pt x 845.11386pt.
File: bloques.pdf Graphic file (type pdf)
<use bloques.pdf, page 1>
Package pdftex.def Info: bloques.pdf , page1 used on input line 98.
(pdftex.def)             Requested size: 597.57834pt x 845.11386pt.
File: bloques.pdf Graphic file (type pdf)
<use bloques.pdf, page 1>
Package pdftex.def Info: bloques.pdf , page1 used on input line 98.
(pdftex.def)             Requested size: 597.57834pt x 845.11386pt.
 [6 <./bloques.pdf>] (./Document.aux
LaTeX Info: Redefining \. on input line 25.
LaTeX Info: Redefining \% on input line 25.
)

LaTeX Font Warning: Some font shapes were not available, defaults substituted.

Package rerunfilecheck Info: File `Document.out' has not changed.
(rerunfilecheck)             Checksum: 8019D8F43357AACF616C91D2508BA96C;916.
 ) 
Here is how much of TeX's memory you used:
 29224 strings out of 478994
 563478 string characters out of 5864751
 916711 words of memory out of 5000000
 46202 multiletter control sequences out of 15000+600000
 406311 words of font info for 37 fonts, out of 8000000 for 9000
 1141 hyphenation exceptions out of 8191
 101i,17n,108p,568b,497s stack positions out of 5000i,500n,10000p,200000b,80000s
</usr/share/texmf-dist/fonts/type1/public/amsfonts/cm/cmbx10.pfb></usr/share/
texmf-dist/fonts/type1/public/amsfonts/cm/cmbx12.pfb></usr/share/texmf-dist/fon
ts/type1/public/amsfonts/cm/cmr10.pfb></usr/share/texmf-dist/fonts/type1/public
/amsfonts/cm/cmr12.pfb>
Output written on Document.pdf (7 pages, 1016798 bytes).
PDF statistics:
 165 PDF objects out of 1000 (max. 8388607)
 108 compressed objects within 2 object streams
 17 named destinations out of 1000 (max. 500000)
 270 words of extra memory for PDF output out of 10000 (max. 10000000)

